0 info it worked if it ends with ok
1 verbose cli [ '/Users/brianyingling/.nvm/versions/node/v4.2.0/bin/node',
1 verbose cli   '/Users/brianyingling/.nvm/versions/node/v4.2.0/bin/npm',
1 verbose cli   'run',
1 verbose cli   'server' ]
2 info using npm@3.5.4
3 info using node@v4.2.0
4 verbose run-script [ 'preserver', 'server', 'postserver' ]
5 info lifecycle ng2-rest-website@0.0.1~preserver: ng2-rest-website@0.0.1
6 silly lifecycle ng2-rest-website@0.0.1~preserver: no script for preserver, continuing
7 info lifecycle ng2-rest-website@0.0.1~server: ng2-rest-website@0.0.1
8 verbose lifecycle ng2-rest-website@0.0.1~server: unsafe-perm in lifecycle true
9 verbose lifecycle ng2-rest-website@0.0.1~server: PATH: /Users/brianyingling/.nvm/versions/node/v4.2.0/lib/node_modules/npm/bin/node-gyp-bin:/Users/brianyingling/personal/tutorials/angular2/ngrx-rest-app-mine/node_modules/.bin:/Users/brianyingling/.nvm/versions/node/v4.2.0/lib/node_modules/npm/bin/node-gyp-bin:/Users/brianyingling/personal/tutorials/angular2/ngrx-rest-app-mine/node_modules/.bin:/opt/local/bin:/opt/local/sbin:/Users/brianyingling/.nvm/versions/node/v4.2.0/bin:/Users/brianyingling/.cabal/bin:/Applications/ghc-7.8.4.app/Contents/bin:/Users/brianyingling/.rvm/gems/ruby-2.1.2/bin:/Users/brianyingling/.rvm/gems/ruby-2.1.2@global/bin:/Users/brianyingling/.rvm/rubies/ruby-2.1.2/bin:/Users/brianyingling/.dnx/runtimes/dnx-mono.1.0.0-rc1-final/bin:/Users/brianyingling/.dnx/bin::/usr/local/git/bin:/usr/local/sbin:/Users/brianyingling/.rvm/bin:/Users/brianyingling/Documents/scripts:/usr/local/bin:/usr/bin:/bin:/usr/sbin:/sbin:/usr/local/share/python:/usr/local/bin:/usr/bin:/bin:/usr/sbin:/sbin:/usr/local/mysql/bin:/usr/local/lib/node_modules:/Users/brianyingling/npm-global/bin:/usr/local/bin:/usr/bin:/bin:/usr/sbin:/sbin
10 verbose lifecycle ng2-rest-website@0.0.1~server: CWD: /Users/brianyingling/personal/tutorials/angular2/ngrx-rest-app-mine
11 silly lifecycle ng2-rest-website@0.0.1~server: Args: [ '-c', 'json-server --watch server/api/db.json' ]
12 silly lifecycle ng2-rest-website@0.0.1~server: Returned: code: 1  signal: null
13 info lifecycle ng2-rest-website@0.0.1~server: Failed to exec server script
14 verbose stack Error: ng2-rest-website@0.0.1 server: `json-server --watch server/api/db.json`
14 verbose stack Exit status 1
14 verbose stack     at EventEmitter.<anonymous> (/Users/brianyingling/.nvm/versions/node/v4.2.0/lib/node_modules/npm/lib/utils/lifecycle.js:232:16)
14 verbose stack     at emitTwo (events.js:87:13)
14 verbose stack     at EventEmitter.emit (events.js:172:7)
14 verbose stack     at ChildProcess.<anonymous> (/Users/brianyingling/.nvm/versions/node/v4.2.0/lib/node_modules/npm/lib/utils/spawn.js:24:14)
14 verbose stack     at emitTwo (events.js:87:13)
14 verbose stack     at ChildProcess.emit (events.js:172:7)
14 verbose stack     at maybeClose (internal/child_process.js:818:16)
14 verbose stack     at Process.ChildProcess._handle.onexit (internal/child_process.js:211:5)
15 verbose pkgid ng2-rest-website@0.0.1
16 verbose cwd /Users/brianyingling/personal/tutorials/angular2/ngrx-rest-app-mine
17 error Darwin 14.5.0
18 error argv "/Users/brianyingling/.nvm/versions/node/v4.2.0/bin/node" "/Users/brianyingling/.nvm/versions/node/v4.2.0/bin/npm" "run" "server"
19 error node v4.2.0
20 error npm  v3.5.4
21 error code ELIFECYCLE
22 error ng2-rest-website@0.0.1 server: `json-server --watch server/api/db.json`
22 error Exit status 1
23 error Failed at the ng2-rest-website@0.0.1 server script 'json-server --watch server/api/db.json'.
23 error Make sure you have the latest version of node.js and npm installed.
23 error If you do, this is most likely a problem with the ng2-rest-website package,
23 error not with npm itself.
23 error Tell the author that this fails on your system:
23 error     json-server --watch server/api/db.json
23 error You can get information on how to open an issue for this project with:
23 error     npm bugs ng2-rest-website
23 error Or if that isn't available, you can get their info via:
23 error     npm owner ls ng2-rest-website
23 error There is likely additional logging output above.
24 verbose exit [ 1, true ]
